C:\USERS\MANOJ\DOWNLOADS\MYMP3PLAYER-20240202T111553Z-001\MYMP3PLAYER\DEBUG\ROUNDEDDLG.EXE
C:\USERS\MANOJ\DOWNLOADS\MYMP3PLAYER-20240202T111553Z-001\MYMP3PLAYER\DEBUG\ROUNDEDDLG.PDB
C:\Users\manoj\Downloads\MyMP3Player-20240202T111553Z-001\MyMP3Player\RoundedDlg\Debug\cl.command.1.tlog
C:\Users\manoj\Downloads\MyMP3Player-20240202T111553Z-001\MyMP3Player\RoundedDlg\Debug\CL.read.1.tlog
C:\Users\manoj\Downloads\MyMP3Player-20240202T111553Z-001\MyMP3Player\RoundedDlg\Debug\CL.write.1.tlog
C:\Users\manoj\Downloads\MyMP3Player-20240202T111553Z-001\MyMP3Player\RoundedDlg\Debug\link.command.1.tlog
C:\Users\manoj\Downloads\MyMP3Player-20240202T111553Z-001\MyMP3Player\RoundedDlg\Debug\link.read.1.tlog
C:\Users\manoj\Downloads\MyMP3Player-20240202T111553Z-001\MyMP3Player\RoundedDlg\Debug\link.write.1.tlog
C:\Users\manoj\Downloads\MyMP3Player-20240202T111553Z-001\MyMP3Player\RoundedDlg\Debug\link-cvtres.read.1.tlog
C:\Users\manoj\Downloads\MyMP3Player-20240202T111553Z-001\MyMP3Player\RoundedDlg\Debug\link-cvtres.write.1.tlog
C:\Users\manoj\Downloads\MyMP3Player-20240202T111553Z-001\MyMP3Player\RoundedDlg\Debug\mt.command.1.tlog
C:\Users\manoj\Downloads\MyMP3Player-20240202T111553Z-001\MyMP3Player\RoundedDlg\Debug\mt.read.1.tlog
C:\Users\manoj\Downloads\MyMP3Player-20240202T111553Z-001\MyMP3Player\RoundedDlg\Debug\mt.write.1.tlog
C:\USERS\MANOJ\DOWNLOADS\MYMP3PLAYER-20240202T111553Z-001\MYMP3PLAYER\ROUNDEDDLG\DEBUG\OWNSHAPE.OBJ
C:\USERS\MANOJ\DOWNLOADS\MYMP3PLAYER-20240202T111553Z-001\MYMP3PLAYER\ROUNDEDDLG\DEBUG\PROSLIDERCTRL.OBJ
C:\Users\manoj\Downloads\MyMP3Player-20240202T111553Z-001\MyMP3Player\RoundedDlg\Debug\rc.command.1.tlog
C:\Users\manoj\Downloads\MyMP3Player-20240202T111553Z-001\MyMP3Player\RoundedDlg\Debug\rc.read.1.tlog
C:\Users\manoj\Downloads\MyMP3Player-20240202T111553Z-001\MyMP3Player\RoundedDlg\Debug\rc.write.1.tlog
C:\USERS\MANOJ\DOWNLOADS\MYMP3PLAYER-20240202T111553Z-001\MYMP3PLAYER\ROUNDEDDLG\DEBUG\ROUNDEDDLG.EXE.INTERMEDIATE.MANIFEST
C:\USERS\MANOJ\DOWNLOADS\MYMP3PLAYER-20240202T111553Z-001\MYMP3PLAYER\ROUNDEDDLG\DEBUG\ROUNDEDDLG.OBJ
C:\USERS\MANOJ\DOWNLOADS\MYMP3PLAYER-20240202T111553Z-001\MYMP3PLAYER\ROUNDEDDLG\DEBUG\ROUNDEDDLG.PCH
C:\USERS\MANOJ\DOWNLOADS\MYMP3PLAYER-20240202T111553Z-001\MYMP3PLAYER\ROUNDEDDLG\DEBUG\ROUNDEDDLG.RES
C:\Users\manoj\Downloads\MyMP3Player-20240202T111553Z-001\MyMP3Player\RoundedDlg\Debug\RoundedDlg.vcxprojResolveAssemblyReference.cache
C:\Users\manoj\Downloads\MyMP3Player-20240202T111553Z-001\MyMP3Player\RoundedDlg\Debug\RoundedDlg.write.1.tlog
C:\USERS\MANOJ\DOWNLOADS\MYMP3PLAYER-20240202T111553Z-001\MYMP3PLAYER\ROUNDEDDLG\DEBUG\ROUNDEDDLGDLG.OBJ
C:\USERS\MANOJ\DOWNLOADS\MYMP3PLAYER-20240202T111553Z-001\MYMP3PLAYER\ROUNDEDDLG\DEBUG\STATICTRANS.OBJ
C:\USERS\MANOJ\DOWNLOADS\MYMP3PLAYER-20240202T111553Z-001\MYMP3PLAYER\ROUNDEDDLG\DEBUG\STDAFX.OBJ
C:\Users\manoj\Downloads\MyMP3Player-20240202T111553Z-001\MyMP3Player\RoundedDlg\Debug\vc100.idb
C:\USERS\MANOJ\DOWNLOADS\MYMP3PLAYER-20240202T111553Z-001\MYMP3PLAYER\ROUNDEDDLG\DEBUG\VC100.PDB
